<?xml version="1.0" encoding="UTF-8"?>
<!-- Generated by org.testng.reporters.JUnitXMLReporter -->
<testsuite ignored="12" hostname="LAPTOP-ROV3JR8D" failures="0" tests="1" name="Default test" time="40.213" errors="0" timestamp="2023-09-29T19:25:06 IST">
  <testcase classname="testcompenet.Sanitytestsignup" name="roundtripflightsearch" time="29.382"/>
  <testcase classname="testcompenet.Sanitytestsignup" name="invalidmobiledtailslogin" time="0.0">
    <ignored/>
  </testcase> <!-- invalidmobiledtailslogin -->
  <testcase classname="testcompenet.Sanitytestsignup" name="missingdetailsignup" time="0.0">
    <ignored/>
  </testcase> <!-- missingdetailsignup -->
  <testcase classname="testcompenet.Sanitytestsignup" name="missingdetailscheckin" time="0.0">
    <ignored/>
  </testcase> <!-- missingdetailscheckin -->
  <testcase classname="testcompenet.Sanitytestsignup" name="managebooking" time="0.0">
    <ignored/>
  </testcase> <!-- managebooking -->
  <testcase classname="testcompenet.Sanitytestsignup" name="mobilelogin" time="0.0">
    <ignored/>
  </testcase> <!-- mobilelogin -->
  <testcase classname="testcompenet.Sanitytestsignup" name="checkin" time="0.0">
    <ignored/>
  </testcase> <!-- checkin -->
  <testcase classname="testcompenet.Sanitytestsignup" name="validsignup" time="0.0">
    <ignored/>
  </testcase> <!-- validsignup -->
  <testcase classname="testcompenet.Sanitytestsignup" name="flightbookingpagecontactinfo" time="0.0">
    <ignored/>
  </testcase> <!-- flightbookingpagecontactinfo -->
  <testcase classname="testcompenet.Sanitytestsignup" name="existingdetails" time="0.0">
    <ignored/>
  </testcase> <!-- existingdetails -->
  <testcase classname="testcompenet.Sanitytestsignup" name="Roundtripflightsearchwithtermsandcondition" time="0.0">
    <ignored/>
  </testcase> <!-- Roundtripflightsearchwithtermsandcondition -->
  <testcase classname="testcompenet.Sanitytestsignup" name="onewayflightsearch" time="0.0">
    <ignored/>
  </testcase> <!-- onewayflightsearch -->
  <testcase classname="testcompenet.Sanitytestsignup" name="flightstatus" time="0.0">
    <ignored/>
  </testcase> <!-- flightstatus -->
</testsuite> <!-- Default test -->
