<?xml version="1.0" encoding="UTF-8"?>
<testng-results ignored="12" total="13" passed="1" failed="0" skipped="0">
  <reporter-output>
  </reporter-output>
  <suite started-at="2023-09-29T19:24:26 IST" name="Default suite" finished-at="2023-09-29T19:25:06 IST" duration-ms="40213">
    <groups>
    </groups>
    <test started-at="2023-09-29T19:24:26 IST" name="Default test" finished-at="2023-09-29T19:25:06 IST" duration-ms="40213">
      <class name="testcompenet.Sanitytestsignup">
        <test-method is-config="true" signature="reportstart()[pri:0, instance:testcompenet.Sanitytestsignup@2d901eb0]" started-at="2023-09-29T19:24:26 IST" name="reportstart" finished-at="2023-09-29T19:24:26 IST" duration-ms="220" status="PASS">
          <reporter-output>
          </reporter-output>
        </test-method> <!-- reportstart -->
        <test-method is-config="true" signature="setup()[pri:0, instance:testcompenet.Sanitytestsignup@2d901eb0]" started-at="2023-09-29T19:24:26 IST" name="setup" finished-at="2023-09-29T19:24:36 IST" duration-ms="9352" status="PASS">
          <reporter-output>
          </reporter-output>
        </test-method> <!-- setup -->
        <test-method signature="roundtripflightsearch()[pri:7, instance:testcompenet.Sanitytestsignup@2d901eb0]" started-at="2023-09-29T19:24:36 IST" name="roundtripflightsearch" finished-at="2023-09-29T19:25:05 IST" duration-ms="29382" status="PASS">
          <reporter-output>
          </reporter-output>
        </test-method> <!-- roundtripflightsearch -->
        <test-method is-config="true" signature="finish()[pri:0, instance:testcompenet.Sanitytestsignup@2d901eb0]" started-at="2023-09-29T19:25:05 IST" name="finish" finished-at="2023-09-29T19:25:06 IST" duration-ms="323" status="PASS">
          <reporter-output>
          </reporter-output>
        </test-method> <!-- finish -->
        <test-method is-config="true" signature="reportend()[pri:0, instance:testcompenet.Sanitytestsignup@2d901eb0]" started-at="2023-09-29T19:25:06 IST" name="reportend" finished-at="2023-09-29T19:25:06 IST" duration-ms="712" status="PASS">
          <reporter-output>
          </reporter-output>
        </test-method> <!-- reportend -->
      </class> <!-- testcompenet.Sanitytestsignup -->
    </test> <!-- Default test -->
  </suite> <!-- Default suite -->
</testng-results>
